<?xml version="1.0" encoding="UTF-8"?>
<testng-results skipped="0" failed="0" total="2" passed="2">
  <reporter-output>
  </reporter-output>
  <suite name="Default suite" duration-ms="10384" started-at="2016-12-05T00:40:21Z" finished-at="2016-12-05T00:40:31Z">
    <groups>
    </groups>
    <test name="Default test" duration-ms="10384" started-at="2016-12-05T00:40:21Z" finished-at="2016-12-05T00:40:31Z">
      <class name="org.TestNGM">
        <test-method status="PASS" signature="setup()[pri:0, instance:org.TestNGM@2344fc66]" name="setup" is-config="true" duration-ms="3367" started-at="2016-12-05T06:10:21Z" finished-at="2016-12-05T06:10:24Z">
          <reporter-output>
          </reporter-output>
        </test-method> <!-- setup -->
        <test-method status="PASS" signature="test01()[pri:0, instance:org.TestNGM@2344fc66]" name="test01" duration-ms="2149" started-at="2016-12-05T06:10:24Z" finished-at="2016-12-05T06:10:26Z">
          <reporter-output>
          </reporter-output>
        </test-method> <!-- test01 -->
        <test-method status="PASS" signature="teardown()[pri:0, instance:org.TestNGM@2344fc66]" name="teardown" is-config="true" duration-ms="80" started-at="2016-12-05T06:10:26Z" finished-at="2016-12-05T06:10:27Z">
          <reporter-output>
          </reporter-output>
        </test-method> <!-- teardown -->
        <test-method status="PASS" signature="setup()[pri:0, instance:org.TestNGM@2344fc66]" name="setup" is-config="true" duration-ms="2552" started-at="2016-12-05T06:10:27Z" finished-at="2016-12-05T06:10:29Z">
          <reporter-output>
          </reporter-output>
        </test-method> <!-- setup -->
        <test-method status="PASS" signature="test02()[pri:1, instance:org.TestNGM@2344fc66]" name="test02" duration-ms="2135" started-at="2016-12-05T06:10:29Z" finished-at="2016-12-05T06:10:31Z">
          <reporter-output>
          </reporter-output>
        </test-method> <!-- test02 -->
        <test-method status="PASS" signature="teardown()[pri:0, instance:org.TestNGM@2344fc66]" name="teardown" is-config="true" duration-ms="81" started-at="2016-12-05T06:10:31Z" finished-at="2016-12-05T06:10:31Z">
          <reporter-output>
          </reporter-output>
        </test-method> <!-- teardown -->
      </class> <!-- org.TestNGM -->
    </test> <!-- Default test -->
  </suite> <!-- Default suite -->
</testng-results>
